father
mother
mom
dad
sister
brother
roommate
aunt
uncle
grandfather
grandmother
husband
wife
father's
mother's
mom's
dad's
sister's
brother's
roommate's
aunt's
uncle's
grandfather's
grandmother's
husband's
wife's
family history
mum
mum's
parent
parents
sibling
siblings
sibling's
partner
partner's
spouse
spouse's
gran
gran's
grandma
grandma's
granny
granny's
nana
nana's
nanna
nanna's
granddad
granddad's
auntie
auntie's
mam
mam's
son
son's
daughter
daughter's
fathers
mothers
moms
dads
sisters
brothers
roommates
aunts
uncles
grandfathers
grandmothers
husbands
wifes
mums
parent
parents
sibling
siblings
siblings
partners
spouses
grans
grandmas
grannys
nanas
nannas
granddads
aunties
mams
sons
daughters
cousin
cousins