if:context=hypothetical
when:context=future
plan:context=future
might:context=hypothetical
planning:context=future
depend:context=hypothetical
depends:context=hypothetical
depending:context=hypothetical
awaiting:context=future
risk:context=hypothetical
possible:context=current
probable:context=current
unlikely:context=current
will:context=future
risks:context=hypothetical
possibilities:context=hypothetical
develop:context=future
develops:context=future
continues:context=current
remains:context=current
possibility:context=hypothetical
until:context=future
arrange:context=future
once:context=future
to rule out:context=hypothetical
hopefully:context=hypothetical
hopes:context=hypothetical
hope:context=hypothetical
hoping:context=hypothetical
needs to be:context=hypothetical
waiting:context=future

