malformation:CUI=C0436539:Results=Abnormal
AVM:CUI=C0436539:Results=Abnormal
malformations:CUI=C0436539:Results=Abnormal
lesion:CUI=C0436539:Results=Abnormal
lesions:CUI=C0436539:Results=Abnormal
degeneration:CUI=C0436539:Results=Abnormal
degenerative brain disorder:CUI=C0436539:Results=Abnormal
atrophy:CUI=C0436539:Results=Abnormal
CVA:CUI=C0436539:Results=Abnormal
cerebral artery occlusion:CUI=C0436539:Results=Abnormal
hemorrhage:CUI=C0436539:Results=Abnormal
sclerosis:CUI=C0436539:Results=Abnormal
cerebral edema:CUI=C0436539:Results=Abnormal
cerebral ischemia:CUI=C0436539:Results=Abnormal
glioma:CUI=C0436539:Results=Abnormal
astrocytoma:CUI=C0436539:Results=Abnormal
DNET:CUI=C0436539:Results=Abnormal
tumor:CUI=C0436539:Results=Abnormal
cavernoma:CUI=C0436539:Results=Abnormal
hemangioma:CUI=C0436539:Results=Abnormal
gliosis:CUI=C0436539:Results=Abnormal
encephalomalacia:CUI=C0436539:Results=Abnormal
cortical dysplasia:CUI=C0436539:Results=Abnormal
abnormal signal:CUI=C0436539:Results=Abnormal
signal intensity:CUI=C0436539:Results=Abnormal
heterotopic grey matter:CUI=C0436539:Results=Abnormal
white matter changes:CUI=C0436539:Results=Abnormal
abnormalities:CUI=C0436539:Results=Abnormal
brain asymmetry:CUI=C0436539:Results=Abnormal
signal abnormality:CUI=C0436539:Results=Abnormal
signal intensity:CUI=C0436539:Results=Abnormal
normal CT:CUI=C0744602:Results=Normal:Complete=Yes
atrophyc changes:CUI=C0436539:Results=Abnormal
abnormality:CUI=C0436539:Results=Abnormal
glioma:CUI=C0436539:Results=Abnormal:=
mass effect:CUI=C0436539:Results=Abnormal
normal:CUI=C0744602:Results=Normal
abnormal:CUI=C0436539:Results=Abnormal
not available:Results=Unknown
Abnormal:CUI=C0436539:Results=Abnormal
Normal:CUI=C0744602:Results=Normal
not have the results:Results=Unknown
non-epileptic:CUI=C0744602:Results=Normal
