another:type=another
further:type=another
subsequent:type=following
last:type=another
previous:type=another
following:type=following
next:type=another
every:type=another
again:type=another
more:type=another
other:type=another
similar:type=another
currently:type=now
presently:type=now
at present:type=now
per:type=frequency
daily:type=frequency
weekly:type=frequency
once a:type=frequency
frequency:type=frequency
stopped:type=ended
in the last:type=frequency
in a:type=another
a cluster:type=frequency
