a.c.
ad lib
p.c.
p.o.
q.d.
ut dict.
q.h.:frequency=1:time-unit=hour:interval=1
q.2h.:frequency=1:time-unit=hour:interval=2
q.3h.:frequency=1:time-unit=hour:interval=3
q.4h.:frequency=1:time-unit=hour:interval=4
mane:frequency=1:time-unit=day:when=morning
am:frequency=1:time-unit=day:when=morning
a.m.:frequency=1:time-unit=day:when=morning
a.m:frequency=1:time-unit=day:when=morning
in the morning:frequency=1:time-unit=day:when=morning
nocte:frequency=1:time-unit=day:when=night
at night:frequency=1:time-unit=day:when=night
od:frequency=1:time-unit=day:interval=1:when=morning
every day:frequency=1:time-unit=day:interval=1
daily:frequency=1:time-unit=day:interval=1
b.i.d.:frequency=2:time-unit=day:interval=1
bd:frequency=2:time-unit=day:interval=1
t.i.d.:frequency=3:time-unit=day:interval=1
tds:frequency=3:time-unit=day:interval=1
t.d.s.:frequency=3:time-unit=day:interval=1
t.d.s:frequency=3:time-unit=day:interval=1
qid:frequency=4:time-unit=day:interval=1
q.i.d.:frequency=4:time-unit=day:interval=1
qds:frequency=4:time-unit=day:interval=1
prn:time-unit=as required:frequency=As_Required
p.r.n.:time-unit=as required:frequency=As_Required
in the evening:frequency=1:time-unit=day:when=night
b.d.:frequency=2:time-unit=day:interval=1
per week:frequency=1:time-unit=week:interval=1
per year:frequency=1:time-unit=year:interval=1
in a week:frequency=1:time-unit=week:interval=1
in a day:frequency=1:time-unit=day:interval=1
years:frequency=1:time-unit=year
months:frequency=1:time-unit=month
weeks:frequency=1:time-unit=week
a year:frequency=1:time-unit=year:interval=1
a year:frequency=1:time-unit=year:interval=1
in the night:frequency=1:time-unit=day:when=night
b.d:frequency=2:time-unit=day:interval=1
pm:frequency=1:time-unit=day:interval=1:when=night
p.m:frequency=1:time-unit=day:interval=1:when=night
p.m.:frequency=1:time-unit=day:interval=1:when=night
morning:frequency=1:time-unit=day:when=morning
afternoon:frequency=1:time-unit=day:when=day
evening:frequency=1:time-unit=day:when=night
night:frequency=1:time-unit=day:when=night
per month:time-unit=month:interval=1:frequency=1
per day:time-unit=day:interval=1:frequency=1
a day:time-unit=day:frequency=1
a month:time-unit=month:interval=1:frequency=1
once a day:frequency=1:time-unit=day:interval=1:when=day
in a single week:frequency=1:time-unit=week:interval=1
a week:time-unit=week:interval=1:frequency=1
a single day:time-unit=day:interval=1:frequency=1
a single month:time-unit=month:interval=1:frequency=1
PM:frequency=1:time-unit=day:interval=1:when=night
AM:frequency=1:time-unit=day:when=morning
Pm:frequency=1:time-unit=day:interval=1:when=night
Am:frequency=1:time-unit=day:when=morning
BD:frequency=2:time-unit=day:interval=1
day:frequency=1:time-unit=day:interval=1
twice a day:frequency=2:time-unit=day
once-a-day:frequency=1:time-unit=day:interval=1:when=day
twice daily:frequency=2:time-unit=day
in the morning and lunchtime:frequency=2:time-unit=day
in the morning and afternoon:frequency=2:time-unit=day
morning and afternoon:frequency=2:time-unit=day
morning and lunchtime:frequency=2:time-unit=day
bd around menstruation:frequency=As_Required
alternate days:frequency=0.5:time-unit=day
alternate nights:frequency=0.5:time-unit=day
monthly:frequency=1:time-unit=month
