nurse
Nurse
Clinic
clinic
society
Society
consultant
Consultant
Specialist
specialist
treatment
Treatment
Surgery
Surgery
action
Action
societies
Societies
team
Team
Worker
CNS
anti-epileptic drug
anti-epileptic
first seizure clinic
department
plan
booklet on
booklet about
information on
information about
Services
Department of Child Health
adolescent clinic
medication
medications
diary
nurses
colleagues
colleague
people with
adolescents with
children with
kids with
sudden death in
Adolescent Epilepsy Clinic
helpline
service
services
driving with
laws about
investigations
driving with

