malformation:CUI=C1319851:Results=Abnormal
AVM:CUI=C1319851:Results=Abnormal
malformations:CUI=C1319851:Results=Abnormal
lesion:CUI=C1319851:Results=Abnormal
lesions:CUI=C1319851:Results=Abnormal
degeneration:CUI=C1319851:Results=Abnormal
degenerative brain disorder:CUI=C1319851:Results=Abnormal
atrophy:CUI=C1319851:Results=Abnormal
CVA:CUI=C1319851:Results=Abnormal
cerebral artery occlusion:CUI=C1319851:Results=Abnormal
hemorrhage:CUI=C1319851:Results=Abnormal
sclerosis:CUI=C1319851:Results=Abnormal
cerebral edema:CUI=C1319851:Results=Abnormal
cerebral ischemia:CUI=C1319851:Results=Abnormal
glioma:CUI=C1319851:Results=Abnormal
astrocytoma:CUI=C1319851:Results=Abnormal
DNET:CUI=C1319851:Results=Abnormal
tumor:CUI=C1319851:Results=Abnormal
cavernoma:CUI=C1319851:Results=Abnormal
hemangioma:CUI=C1319851:Results=Abnormal
gliosis:CUI=C1319851:Results=Abnormal
encephalomalacia:CUI=C1319851:Results=Abnormal
cortical dysplasia:CUI=C1319851:Results=Abnormal
abnormal signal:CUI=C1319851:Results=Abnormal
signal intensity:CUI=C1319851:Results=Abnormal
heterotopic grey matter:CUI=C1319851:Results=Abnormal
white matter changes:CUI=C1319851:Results=Abnormal
abnormalities:CUI=C1319851:Results=Abnormal
abnormal MRI brain:CUI=C1319851:Results=Abnormal
brain asymmetry:CUI=C1319851:Results=Abnormal
signal abnormality:CUI=C1319851:Results=Abnormal
signal intensity:CUI=C1319851:Results=Abnormal
normal MRI:CUI=C0436481:Results=Normal
normal brain MRI:CUI=C0436481:Results=Normal
atrophyc changes:CUI=C1319851:Results=Abnormal
abnormality:CUI=C1319851:Results=Abnormal
glioma:CUI=C1319851:Results=Abnormal
mass effect:CUI=C1319851:Results=Abnormal
normal:CUI=C0436481:Results=Normal
abnormal:CUI=C1319851:Results=Abnormal
