started:type=began
developed:type=began
occured:type=began
appeared:type=began
manifested:type=began
new:type=began
began:type=began
onset:type=began
suffered:type=suffered
has had:type=suffered
experienced:type=suffered
diagnosed:type=diagnosed
first:type=began
1st:type=began
suffering:type=suffered
has been symptomatic:type=suffered
suffering from:type=suffered
sustained:type=suffered
history is of:type=suffered
report him having:type=suffered
report her having:type=suffered
