history suggests
case of
history is suggestive
history is consistent
History is 
my impression is
impression is
opinion is
description is consistent
does have
point towards
point more towards
I feel that
I am of the opinion
I therefore 
impression:
conclusion
likely explanation
would seem
seems
evidence of
I have explained
this is 
History is
appear to be
consistent with
I am strongly suspicious 
I suspect
high index of suspicion
ongoing episodes are
we will keep the possibility of
we need to keep the possibility of
raises the possibility
on reviewing the history
investigations have shown
imaging has shown
does show
It is
these are
the results
description of the events
On examination
