Last Year:Since=Last_Year
This Year:Since=This_Year
Last Clinic:Since=LastClinic
last clinic:Since=LastClinic
last year:Since=Last_Year
this year:Since=This_Year
seen in the clinic:Since=LastClinic
last being seen:Since=LastClinic
all his life:Since=From_Birth
all her life:Since=From_Birth
from birth:Since=From_Birth
last visit:Since=LastClinic
since birth:Since=From_Birth
discharge:Since=DischargeDate
since being discharged:Since=DischargeDate
since surgery:Since=Surgery
at birth:At=birth
1960s:In=1960s
the 60s:In=1960s
the sixties:In=1960s
1970s:In=1970s
the 70s:In=1970s
the seventies:In=1970s
1980s:In=1980s
the 80s:In=1980s
the eighties:In=1980s
1990s:In=1990s
the 90s:In=1990s
the ninties:In=1990s
last Christmas:Since=LastChristmas
birthday:Since=Birthday
easter:Since=Easter
operation:Since=Surgery
since I last seen her:Since=LastClinic
since I last seen him:Since=LastClinic
since I last saw him:Since=LastClinic
since I last saw her:Since=LastClinic
after discharge:Since=DischargeDate
Child Birth:Since=ChildBirth
Last seen:Since=LastClinic
last saw:Since=LastClinic
her surgery:Since=NewYear'sEve
his surgery:Since=Surgery
last time I saw him:Since=LastClinic
last time I saw her:Since=LastClinic
had a son:Since=ChildBirth
had a child:Since=ChildBirth
had a daughter:Since=ChildBirth
had a kid:Since=ChildBirth
Last Month:Since=Last_Month
Last Week:Since=Last_Week
since her birth:Since=From_Birth
since his birth:Since=From_Birth
previous appointment:Since=LastClinic
previous phone call:Since=LastClinic
previous phone clinic:Since=LastClinic
starting antiepileptic medication:Since=DrugChange
starting AEDs:Since=DrugChange
starting anti-seizure medication:Since=DrugChange
on this dose
last appointment:Since=LastClinic
after his operation:Since=Surgery
after his surgery:Since=Surgery
after her surgery:Since=Surgery
after her operation:Since=Surgery