?:Level=3
??:Level=2
against:Level=3
are dealing with:Level=5
are in keeping with:Level=4
borne in mind:Level=3
cannot exclude:Level=3
cannot totally exclude:Level=3
certain:Level=5
compatible with:Level=4
considered:Level=3
consistent with:Level=5
could be:Level=3
definite:Level=5
definitely:Level=5
describes as:Level=3
describes herself:Level=3
describes himself:Level=3
doubt:Level=2
doubtful:Level=2
felt to be:Level=4 
flavour of:Level=3
further clarification:Level=3
further investigation:Level=3
I do think that:Level=4
in keeping with:Level=4
I think:Level=4
impression is:Level=4
improbable:Level=2
investigate her along the lines:Level=3
investigate him along the lines:Level=3
is in keeping with:Level=4
it is not clear:Level=3
it's not clear:Level=3
likely:Level=4
little evidence of:Level=2
markers:Level=3
may be:Level=3
may have had:Level=3
maybe:Level=3
might be suggestive:Level=3
might:Level=3
my impression is we are dealing with:Level=4
my impression is:Level=4
not convinced:Level=2
not convincing:Level=2
not convincingly:Level=2
not likely:Level=2
not suggestive of:Level=1
point more towards:Level=4
point towards:Level=4
possibilities:Level=3
possibility of:Level=3
Possibility:Level=3
possible:Level=3
Possible:Level=3
possibly:Level=3
Possibly:Level=3
potential:Level=3
potentially:Level=3
presumptive:Level=4
probable:Level=4
probably:Level=4
remote possibility:Level=2
remote:Level=2
ruled out:Level=1
sound like:Level=4
sounds like:Level=4
suggestive:Level=4
supportive of:Level=4
supports:Level=4
suspect:Level=4
suspected:Level=4
suspicion:Level=4
suspicious:Level=4
to be confirmed:Level=3
to be sure:Level=3
to know whether:Level=3
to see if:Level=3
to see whether:Level=3
treated as:Level=4
treating this as:Level=4
uncertain:Level=3
unclear:Level=2
unlikely:Level=2
unsure:Level=2
unusual:Level=2
