tenses
starts to heave
becomes unresponsive
is unresponsive
shakes 
twitches
to twitch
is going to have a seizure
head is slightly tilted
head tilts
tilts his head
tilts her head
head slightly tilts
tends to dribble
would collapse
collapses
episodes last
episode lasts
seizure lasts
seizures last 
looks as if he has had
she looks as though she has had
he looks as though he has had
she looks as if she has had
moans
seizure starts 
during the seizure
during the seizures
seizures begin 
seizure begins 
during the episodes
drowsy
face dropping
clenching
temporal seizure focus
rigid
body went rigid
hypersalivation
cyanosis
staring blankly
