risk
gone
until
recover
at onset
up until recently
remained
relapse
intervals
onset
admission
he was getting
started a
started in
admitted
she suffered from
he suffered from
recurred
started having
she was getting
started again
of his diagnosis
of her diagnosis
later
diagnosed
started with
until recurrence
not typical of epilepsy
post-ictal period
before this
chance
he was having
she was having
his first
her first
reduced from
increased from
were occurring
used to happen
were happening
injured
previously
Previously
day time ones
night time ones
began to have
she had
he had
She had
He had
was recurrence
presented with
